[2025-03-08T21:15:12.451+0000] {manager.py:483} INFO - Processing files using up to 2 processes at a time 
[2025-03-08T21:15:12.452+0000] {manager.py:484} INFO - Process each file at most once every 30 seconds
[2025-03-08T21:15:12.452+0000] {manager.py:485} INFO - Checking for new files in /opt/airflow/dags every 300 seconds
[2025-03-08T21:15:12.453+0000] {manager.py:821} INFO - Searching for files in /opt/airflow/dags
[2025-03-08T21:15:12.456+0000] {manager.py:824} INFO - There are 0 files in /opt/airflow/dags
[2025-03-08T21:15:48.341+0000] {manager.py:465} INFO - Exiting gracefully upon receiving signal 15
[2025-03-08T21:16:25.521+0000] {manager.py:483} INFO - Processing files using up to 2 processes at a time 
[2025-03-08T21:16:25.522+0000] {manager.py:484} INFO - Process each file at most once every 30 seconds
[2025-03-08T21:16:25.523+0000] {manager.py:485} INFO - Checking for new files in /opt/airflow/dags every 300 seconds
[2025-03-08T21:16:25.524+0000] {manager.py:821} INFO - Searching for files in /opt/airflow/dags
[2025-03-08T21:16:25.526+0000] {manager.py:824} INFO - There are 0 files in /opt/airflow/dags
[2025-03-08T21:21:26.008+0000] {manager.py:821} INFO - Searching for files in /opt/airflow/dags
[2025-03-08T21:21:26.021+0000] {manager.py:824} INFO - There are 1 files in /opt/airflow/dags
[2025-03-08T21:21:29.168+0000] {manager.py:997} INFO - 
================================================================================
DAG File Processing Stats

File Path                           PID  Runtime      # DAGs    # Errors  Last Runtime    Last Run               Last # of DB Queries
--------------------------------  -----  ---------  --------  ----------  --------------  -------------------  ----------------------
/opt/airflow/dags/mysql_to_s3.py    108  0.00s             0           1  0.07s           2025-03-08T21:21:28                       5
================================================================================
[2025-03-08T21:21:59.807+0000] {manager.py:997} INFO - 
================================================================================
DAG File Processing Stats

File Path                           PID  Runtime      # DAGs    # Errors  Last Runtime    Last Run               Last # of DB Queries
--------------------------------  -----  ---------  --------  ----------  --------------  -------------------  ----------------------
/opt/airflow/dags/mysql_to_s3.py    123  0.01s             0           1  0.05s           2025-03-08T21:21:58                       5
================================================================================
[2025-03-08T21:22:29.860+0000] {manager.py:997} INFO - 
================================================================================
DAG File Processing Stats

File Path                         PID    Runtime      # DAGs    # Errors  Last Runtime    Last Run               Last # of DB Queries
--------------------------------  -----  ---------  --------  ----------  --------------  -------------------  ----------------------
/opt/airflow/dags/mysql_to_s3.py                           1           0  0.34s           2025-03-08T21:22:29                      45
================================================================================
[2025-03-08T21:23:00.712+0000] {manager.py:997} INFO - 
================================================================================
DAG File Processing Stats

File Path                         PID    Runtime      # DAGs    # Errors  Last Runtime    Last Run               Last # of DB Queries
--------------------------------  -----  ---------  --------  ----------  --------------  -------------------  ----------------------
/opt/airflow/dags/mysql_to_s3.py                           1           0  0.10s           2025-03-08T21:22:55                      11
================================================================================
[2025-03-08T21:23:31.208+0000] {manager.py:997} INFO - 
================================================================================
DAG File Processing Stats

File Path                         PID    Runtime      # DAGs    # Errors  Last Runtime    Last Run               Last # of DB Queries
--------------------------------  -----  ---------  --------  ----------  --------------  -------------------  ----------------------
/opt/airflow/dags/mysql_to_s3.py                           1           0  0.11s           2025-03-08T21:23:26                      12
================================================================================
[2025-03-08T21:24:01.613+0000] {manager.py:997} INFO - 
================================================================================
DAG File Processing Stats

File Path                         PID    Runtime      # DAGs    # Errors  Last Runtime    Last Run               Last # of DB Queries
--------------------------------  -----  ---------  --------  ----------  --------------  -------------------  ----------------------
/opt/airflow/dags/mysql_to_s3.py                           1           0  0.10s           2025-03-08T21:23:56                      12
================================================================================
[2025-03-08T21:24:32.034+0000] {manager.py:997} INFO - 
================================================================================
DAG File Processing Stats

File Path                         PID    Runtime      # DAGs    # Errors  Last Runtime    Last Run               Last # of DB Queries
--------------------------------  -----  ---------  --------  ----------  --------------  -------------------  ----------------------
/opt/airflow/dags/mysql_to_s3.py                           1           0  0.14s           2025-03-08T21:24:27                      12
================================================================================
[2025-03-08T21:25:02.450+0000] {manager.py:997} INFO - 
================================================================================
DAG File Processing Stats

File Path                         PID    Runtime      # DAGs    # Errors  Last Runtime    Last Run               Last # of DB Queries
--------------------------------  -----  ---------  --------  ----------  --------------  -------------------  ----------------------
/opt/airflow/dags/mysql_to_s3.py                           1           0  0.12s           2025-03-08T21:24:57                      12
================================================================================
[2025-03-08T21:25:32.807+0000] {manager.py:997} INFO - 
================================================================================
DAG File Processing Stats

File Path                         PID    Runtime      # DAGs    # Errors  Last Runtime    Last Run               Last # of DB Queries
--------------------------------  -----  ---------  --------  ----------  --------------  -------------------  ----------------------
/opt/airflow/dags/mysql_to_s3.py                           1           0  0.12s           2025-03-08T21:25:27                      12
================================================================================
[2025-03-08T21:26:03.156+0000] {manager.py:997} INFO - 
================================================================================
DAG File Processing Stats

File Path                         PID    Runtime      # DAGs    # Errors  Last Runtime    Last Run               Last # of DB Queries
--------------------------------  -----  ---------  --------  ----------  --------------  -------------------  ----------------------
/opt/airflow/dags/mysql_to_s3.py                           1           0  0.12s           2025-03-08T21:25:58                      12
================================================================================
[2025-03-08T21:26:26.414+0000] {manager.py:821} INFO - Searching for files in /opt/airflow/dags
[2025-03-08T21:26:26.422+0000] {manager.py:824} INFO - There are 1 files in /opt/airflow/dags
[2025-03-08T21:26:33.555+0000] {manager.py:997} INFO - 
================================================================================
DAG File Processing Stats

File Path                         PID    Runtime      # DAGs    # Errors  Last Runtime    Last Run               Last # of DB Queries
--------------------------------  -----  ---------  --------  ----------  --------------  -------------------  ----------------------
/opt/airflow/dags/mysql_to_s3.py                           1           0  0.12s           2025-03-08T21:26:28                      12
================================================================================
[2025-03-08T21:27:03.927+0000] {manager.py:997} INFO - 
================================================================================
DAG File Processing Stats

File Path                         PID    Runtime      # DAGs    # Errors  Last Runtime    Last Run               Last # of DB Queries
--------------------------------  -----  ---------  --------  ----------  --------------  -------------------  ----------------------
/opt/airflow/dags/mysql_to_s3.py                           1           0  0.10s           2025-03-08T21:26:58                      12
================================================================================
[2025-03-08T21:27:34.274+0000] {manager.py:997} INFO - 
================================================================================
DAG File Processing Stats

File Path                         PID    Runtime      # DAGs    # Errors  Last Runtime    Last Run               Last # of DB Queries
--------------------------------  -----  ---------  --------  ----------  --------------  -------------------  ----------------------
/opt/airflow/dags/mysql_to_s3.py                           1           0  0.09s           2025-03-08T21:27:29                      12
================================================================================
[2025-03-08T21:28:04.664+0000] {manager.py:997} INFO - 
================================================================================
DAG File Processing Stats

File Path                         PID    Runtime      # DAGs    # Errors  Last Runtime    Last Run               Last # of DB Queries
--------------------------------  -----  ---------  --------  ----------  --------------  -------------------  ----------------------
/opt/airflow/dags/mysql_to_s3.py                           1           0  0.14s           2025-03-08T21:27:59                      12
================================================================================
